Thu, 13 Oct 2016 16:15:41 app.py[line:219] INFO 
    <xml>
    <ToUserName><![CDATA[o2WRzv6YXhs8nw4y34CXeiAyFa9w]]></ToUserName>
    <FromUserName><![CDATA[gh_6560647450fd]]></FromUserName>
    <CreateTime>1476346541</CreateTime>
    <MsgType><![CDATA[news]]></MsgType>
    <ArticleCount>6</ArticleCount>
    <Articles>
    <item>
        <Title><![CDATA[Linux配置Lighttpd+Python+web.py应用]]></Title>
        <Description><![CDATA[]]></Description>
        <PicUrl><![CDATA[http://www.uwebs.tk/assets/files/2016-10/l.jpg]]></PicUrl>
        <Url><![CDATA[http://www.uwebs.tk/archives/2016/10/10/Linux-configuration-Lighttpd-Python-webPy-applications.html]]></Url>
    </item><item>
        <Title><![CDATA[为最佳性能调优 Nginx]]></Title>
        <Description><![CDATA[]]></Description>
        <PicUrl><![CDATA[]]></PicUrl>
        <Url><![CDATA[http://www.uwebs.tk/archives/2015/06/15/12-nginx-performance-tuning.html]]></Url>
    </item><item>
        <Title><![CDATA[Shell脚本编程初体验]]></Title>
        <Description><![CDATA[]]></Description>
        <PicUrl><![CDATA[]]></PicUrl>
        <Url><![CDATA[http://www.uwebs.tk/archives/2015/06/10/guide-start-learning-shell-scripting-scratch.html]]></Url>
    </item><item>
        <Title><![CDATA[python realtime]]></Title>
        <Description><![CDATA[]]></Description>
        <PicUrl><![CDATA[]]></PicUrl>
        <Url><![CDATA[http://www.uwebs.tk/archives/2014/08/05/python-realtime.html]]></Url>
    </item><item>
        <Title><![CDATA[Oracle与SQLServer语法区别]]></Title>
        <Description><![CDATA[]]></Description>
        <PicUrl><![CDATA[]]></PicUrl>
        <Url><![CDATA[http://www.uwebs.tk/archives/2014/06/18/oracle-and-sqlserver.html]]></Url>
    </item><item>
        <Title><![CDATA[十步完全理解SQL]]></Title>
        <Description><![CDATA[]]></Description>
        <PicUrl><![CDATA[]]></PicUrl>
        <Url><![CDATA[http://www.uwebs.tk/archives/2014/01/13/10-easy-steps-to-a-complete-understanding-of-sql.html]]></Url>
    </item>
    </Articles>
    </xml>
    
